2024-12-02 12:42:14,022 - INFO - Conectado a MongoDB: 1dam.coches
2024-12-02 12:42:14,022 - INFO - Transacción iniciada.
2024-12-02 12:42:36,875 - INFO - Conexión a MongoDB cerrada.
2024-12-02 12:42:37,176 - INFO - Conectado a MongoDB: 1dam.coches
2024-12-02 12:42:37,177 - INFO - Transacción iniciada.
2024-12-06 22:36:01,601 - INFO - Conectado a MongoDB: 1dam.coches
2024-12-06 22:36:01,601 - INFO - Transacción iniciada.
2024-12-06 22:36:01,621 - INFO - Coche insertado con ID: 67536e4177b62bb04a25226e
2024-12-06 22:36:01,626 - INFO - Coche insertado con ID: 67536e4177b62bb04a25226f
2024-12-06 22:36:01,626 - INFO - Transacción confirmada.
2024-12-06 22:36:01,631 - INFO - Coches recuperados: 38
2024-12-06 22:36:01,634 - INFO - {'_id': ObjectId('67320a276f8ba45467c1c18c'), 'marca': 'Toyota', 'modelo': 'Corolla', 'año': 2020, 'color': 'Blanco', 'kilometraje': 25000, 'precio': 15000}
2024-12-06 22:36:01,636 - INFO - {'_id': ObjectId('67320a276f8ba45467c1c18d'), 'marca': 'Ford', 'modelo': 'Focus', 'año': 2018, 'color': 'Negro', 'kilometraje': 45000, 'precio': 12000}
2024-12-06 22:36:01,636 - INFO - {'_id': ObjectId('673228cc6f8ba45467c1c18e'), 'marca': 'Ford', 'modelo': 'Corolla', 'año': 2020, 'color': 'Blanco', 'kilometraje': 25000, 'precio': 15000}
2024-12-06 22:36:01,636 - INFO - {'_id': ObjectId('673228cc6f8ba45467c1c18f'), 'marca': 'Ford', 'modelo': 'Altia', 'año': 2018, 'color': 'Negro', 'kilometraje': 45000, 'precio': 12000}
2024-12-06 22:36:01,637 - INFO - {'_id': ObjectId('67322d9608f69ffa735bb618'), 'marca': 'Mercedes', 'modelo': 'Clase A', 'año': 2020, 'color': 'Blanco', 'kilometraje': 25000, 'precio': 15000}
2024-12-06 22:36:01,637 - INFO - {'_id': ObjectId('67322d9608f69ffa735bb619'), 'marca': 'Peugeot', 'modelo': '2008', 'año': 2020, 'color': 'Blanco', 'kilometraje': 25000, 'precio': 15000}
2024-12-06 22:36:01,637 - INFO - {'_id': ObjectId('67322e41fae65f7b2833b20e'), 'marca': 'Mercedes', 'modelo': 'Clase A', 'año': 2020, 'color': 'Blanco', 'kilometraje': 25000, 'precio': 15000}
2024-12-06 22:36:01,637 - INFO - {'_id': ObjectId('67322e41fae65f7b2833b20f'), 'marca': 'Peugeot', 'modelo': '2008', 'año': 2020, 'color': 'Blanco', 'kilometraje': 25000, 'precio': 15000}
2024-12-06 22:36:01,637 - INFO - {'_id': ObjectId('67322e41fae65f7b2833b210'), 'marca': 'suzuki', 'modelo': 'swift', 'año': 2020, 'color': 'Blanco', 'kilometraje': 25000, 'precio': 15000}
2024-12-06 22:36:01,637 - INFO - {'_id': ObjectId('67322e4fe8a4135810002291'), 'marca': 'Mercedes', 'modelo': 'Clase A', 'año': 2020, 'color': 'Blanco', 'kilometraje': 25000, 'precio': 15000}
2024-12-06 22:36:01,637 - INFO - {'_id': ObjectId('67322e4fe8a4135810002292'), 'marca': 'Peugeot', 'modelo': '2008', 'año': 2020, 'color': 'Blanco', 'kilometraje': 25000, 'precio': 15000}
2024-12-06 22:36:01,637 - INFO - {'_id': ObjectId('67322e4fe8a4135810002293'), 'marca': 'suzuki', 'modelo': 'swift', 'año': 2020, 'color': 'Blanco', 'kilometraje': 25000, 'precio': 15000}
2024-12-06 22:36:01,638 - INFO - {'_id': ObjectId('67322e666cca5438648899f9'), 'marca': 'Mercedes', 'modelo': 'Clase A', 'año': 2020, 'color': 'Blanco', 'kilometraje': 25000, 'precio': 15000}
2024-12-06 22:36:01,638 - INFO - {'_id': ObjectId('67322e666cca5438648899fa'), 'marca': 'jose', 'modelo': '2009', 'año': 2020, 'color': 'Blanco', 'kilometraje': 25000, 'precio': 15000}
2024-12-06 22:36:01,638 - INFO - {'_id': ObjectId('67322e666cca5438648899fb'), 'marca': 'suzuki', 'modelo': 'swift', 'año': 2020, 'color': 'Blanco', 'kilometraje': 25000, 'precio': 15000}
2024-12-06 22:36:01,638 - INFO - {'_id': ObjectId('67322f72ec3377d11dadacd7'), 'marca': 'Mercedes', 'modelo': 'Clase A', 'año': 2020, 'color': 'Blanco', 'kilometraje': 25000, 'precio': 15000}
2024-12-06 22:36:01,638 - INFO - {'_id': ObjectId('67322f72ec3377d11dadacd8'), 'marca': 'Peugeot', 'modelo': '2008', 'año': 2020, 'color': 'Blanco', 'kilometraje': 25000, 'precio': 15000}
2024-12-06 22:36:01,638 - INFO - {'_id': ObjectId('67322f72ec3377d11dadacd9'), 'marca': 'suzuki', 'modelo': 'swift', 'año': 2020, 'color': 'Blanco', 'kilometraje': 25000, 'precio': 15000}
2024-12-06 22:36:01,638 - INFO - {'_id': ObjectId('67322f8203ac26f01243b476'), 'marca': 'Mercedes', 'modelo': 'Clase A', 'año': 2020, 'color': 'Blanco', 'kilometraje': 25000, 'precio': 15000}
2024-12-06 22:36:01,639 - INFO - {'_id': ObjectId('67322f8203ac26f01243b477'), 'marca': 'Peugeot', 'modelo': '2008', 'año': 2020, 'color': 'Blanco', 'kilometraje': 25000, 'precio': 15000}
2024-12-06 22:36:01,640 - INFO - {'_id': ObjectId('67322f8203ac26f01243b478'), 'marca': 'suzuki', 'modelo': 'swift', 'año': 2020, 'color': 'Blanco', 'kilometraje': 25000, 'precio': 15000}
2024-12-06 22:36:01,640 - INFO - {'_id': ObjectId('67322ffd1bab034da9c82fc3'), 'marca': 'Mercedes', 'modelo': 'Clase A', 'año': 2020, 'color': 'Blanco', 'kilometraje': 25000, 'precio': 15000}
2024-12-06 22:36:01,640 - INFO - {'_id': ObjectId('67322ffd1bab034da9c82fc4'), 'marca': 'Peugeot', 'modelo': '2008', 'año': 2020, 'color': 'Blanco', 'kilometraje': 25000, 'precio': 15000}
2024-12-06 22:36:01,640 - INFO - {'_id': ObjectId('67322ffd1bab034da9c82fc5'), 'marca': 'suzuki', 'modelo': 'swift', 'año': 2020, 'color': 'Blanco', 'kilometraje': 25000, 'precio': 15000}
2024-12-06 22:36:01,640 - INFO - {'_id': ObjectId('6735e35d4fa02eb8bf82aa7e'), 'marca': 'Mercedes', 'modelo': 'Clase A', 'año': 2020, 'color': 'Blanco', 'kilometraje': 25000, 'precio': 15000}
2024-12-06 22:36:01,640 - INFO - {'_id': ObjectId('6735e35d4fa02eb8bf82aa7f'), 'marca': 'Peugeot', 'modelo': '2008', 'año': 2020, 'color': 'Blanco', 'kilometraje': 25000, 'precio': 15000}
2024-12-06 22:36:01,640 - INFO - {'_id': ObjectId('6735e3b0bd0d5b4f0b476462'), 'marca': 'Mercedes', 'modelo': 'Clase A', 'año': 2020, 'color': 'Blanco', 'kilometraje': 25000, 'precio': 15000}
2024-12-06 22:36:01,640 - INFO - {'_id': ObjectId('6735e3b0bd0d5b4f0b476463'), 'marca': 'Peugeot', 'modelo': '2008', 'año': 2020, 'color': 'Blanco', 'kilometraje': 25000, 'precio': 15000}
2024-12-06 22:36:01,640 - INFO - {'_id': ObjectId('6735e3f3788a327cb79c010b'), 'marca': 'Mercedes', 'modelo': 'Clase A', 'año': 2020, 'color': 'Blanco', 'kilometraje': 25000, 'precio': 15000}
2024-12-06 22:36:01,641 - INFO - {'_id': ObjectId('6735e3f3788a327cb79c010c'), 'marca': 'Peugeot', 'modelo': '2008', 'año': 2020, 'color': 'Blanco', 'kilometraje': 25000, 'precio': 15000}
2024-12-06 22:36:01,641 - INFO - {'_id': ObjectId('6735e40193989244dcfc9682'), 'marca': 'Mercedes', 'modelo': 'Clase A', 'año': 2020, 'color': 'Blanco', 'kilometraje': 25000, 'precio': 15000}
2024-12-06 22:36:01,641 - INFO - {'_id': ObjectId('6735e40193989244dcfc9683'), 'marca': 'Peugeot', 'modelo': '2008', 'año': 2020, 'color': 'Blanco', 'kilometraje': 25000, 'precio': 15000}
2024-12-06 22:36:01,641 - INFO - {'_id': ObjectId('6735e43830f90ec28562a779'), 'marca': 'Mercedes', 'modelo': 'Clase A', 'año': 2020, 'color': 'Blanco', 'kilometraje': 25000, 'precio': 15000}
2024-12-06 22:36:01,641 - INFO - {'_id': ObjectId('6735e43830f90ec28562a77a'), 'marca': 'Peugeot', 'modelo': '2008', 'año': 2020, 'color': 'Blanco', 'kilometraje': 25000, 'precio': 15000}
2024-12-06 22:36:01,641 - INFO - {'_id': ObjectId('6735e43ec3e794e0840e87fe'), 'marca': 'Mercedes', 'modelo': 'Clase A', 'año': 2020, 'color': 'Blanco', 'kilometraje': 25000, 'precio': 15000}
2024-12-06 22:36:01,641 - INFO - {'_id': ObjectId('6735e43ec3e794e0840e87ff'), 'marca': 'Peugeot', 'modelo': '2008', 'año': 2020, 'color': 'Blanco', 'kilometraje': 25000, 'precio': 15000}
2024-12-06 22:36:01,641 - INFO - {'_id': ObjectId('67536e4177b62bb04a25226e'), 'marca': 'Toyota', 'modelo': 'Corolla', 'anio': 2020, 'color': 'Rojo'}
2024-12-06 22:36:01,641 - INFO - {'_id': ObjectId('67536e4177b62bb04a25226f'), 'marca': 'Honda', 'modelo': 'Civic', 'anio': 2021, 'color': 'Azul'}
2024-12-06 22:36:01,641 - INFO - Transacción iniciada.
2024-12-06 22:36:01,643 - INFO - Coche actualizado: {'marca': 'Toyota', 'modelo': 'Corolla'}
2024-12-06 22:36:01,644 - INFO - Transacción confirmada.
2024-12-06 22:36:01,644 - INFO - Transacción iniciada.
2024-12-06 22:36:01,647 - INFO - Coche eliminado: {'marca': 'Honda', 'modelo': 'Civic'}
2024-12-06 22:36:01,648 - INFO - Transacción confirmada.
2024-12-06 22:36:01,651 - INFO - Conexión a MongoDB cerrada.
