
2024-12-06 01:30:42,910 - INFO - Conexión establecida con ZODB.
2024-12-06 01:30:42,911 - INFO - Transacción iniciada.
2024-12-06 01:30:42,911 - INFO - Viaje con ID 1 creado exitosamente.
2024-12-06 01:30:42,911 - INFO - Viaje con ID 2 creado exitosamente.
2024-12-06 01:30:42,912 - INFO - Viaje con ID 3 creado exitosamente.
2024-12-06 01:30:42,912 - INFO - Transacción confirmada.
2024-12-06 01:30:42,912 - INFO - ID: 1, Destino: Helsinki, Duración: 10, Tipo de Viaje: Negocios, Precio: 200, Fecha de Salida: 2023-10-19
2024-12-06 01:30:42,912 - INFO - ID: 2, Destino: Bilbao, Duración: 2, Tipo de Viaje: Turismo, Precio: 30, Fecha de Salida: 2020-02-20
2024-12-06 01:30:42,913 - INFO - ID: 3, Destino: Roterdam, Duración: 16, Tipo de Viaje: Negocios, Precio: 2000, Fecha de Salida: 2019-12-01
2024-12-06 01:30:42,913 - INFO - Transacción iniciada.
2024-12-06 01:30:42,913 - ERROR - Error al crear el viaje con ID 1: Ya existe un viaje con ID 1.
2024-12-06 01:30:42,914 - INFO - Transacción confirmada.
2024-12-06 01:30:42,914 - INFO - ID: 1, Destino: Helsinki, Duración: 10, Tipo de Viaje: Negocios, Precio: 200, Fecha de Salida: 2023-10-19
2024-12-06 01:30:42,914 - INFO - ID: 2, Destino: Bilbao, Duración: 2, Tipo de Viaje: Turismo, Precio: 30, Fecha de Salida: 2020-02-20
2024-12-06 01:30:42,916 - INFO - ID: 3, Destino: Roterdam, Duración: 16, Tipo de Viaje: Negocios, Precio: 2000, Fecha de Salida: 2019-12-01
2024-12-06 01:30:42,916 - INFO - Transacción iniciada.
2024-12-06 01:30:42,917 - INFO - Viaje con ID 2 actualizado exitosamente.
2024-12-06 01:30:42,917 - INFO - Transacción confirmada.
2024-12-06 01:30:42,917 - INFO - ID: 1, Destino: Helsinki, Duración: 10, Tipo de Viaje: Negocios, Precio: 200, Fecha de Salida: 2023-10-19
2024-12-06 01:30:42,917 - INFO - ID: 2, Destino: Bilbao, Duración: 4, Tipo de Viaje: Negocios, Precio: 100, Fecha de Salida: 2024-01-01
2024-12-06 01:30:42,917 - INFO - ID: 3, Destino: Roterdam, Duración: 16, Tipo de Viaje: Negocios, Precio: 2000, Fecha de Salida: 2019-12-01
2024-12-06 01:30:42,918 - INFO - Transacción iniciada.
2024-12-06 01:30:42,918 - ERROR - Error al eliminar el viaje con ID 99: No existe un viaje con ID 99.
2024-12-06 01:30:42,918 - INFO - Transacción confirmada.
2024-12-06 01:30:42,918 - INFO - ID: 1, Destino: Helsinki, Duración: 10, Tipo de Viaje: Negocios, Precio: 200, Fecha de Salida: 2023-10-19
2024-12-06 01:30:42,918 - INFO - ID: 2, Destino: Bilbao, Duración: 4, Tipo de Viaje: Negocios, Precio: 100, Fecha de Salida: 2024-01-01
2024-12-06 01:30:42,918 - INFO - ID: 3, Destino: Roterdam, Duración: 16, Tipo de Viaje: Negocios, Precio: 2000, Fecha de Salida: 2019-12-01
2024-12-06 01:30:42,921 - INFO - Conexión a ZODB cerrada.
